2023-01-16 09:58:36 [INFO] root - No surface albedo data was available on 20190101
2023-01-16 09:58:40 [INFO] root - No surface albedo data was available on 20190101
2023-01-16 09:58:43 [INFO] root - No surface albedo data was available on 20190102
2023-01-16 09:58:46 [INFO] root - No surface albedo data was available on 20190102
2023-01-16 09:58:50 [INFO] root - No surface albedo data was available on 20190103
2023-01-16 09:58:53 [INFO] root - No surface albedo data was available on 20190103
2023-01-16 09:58:57 [INFO] root - No surface albedo data was available on 20190104
2023-01-16 09:59:00 [INFO] root - No surface albedo data was available on 20190104
2023-01-16 09:59:04 [INFO] root - No surface albedo data was available on 20190105
2023-01-16 09:59:07 [INFO] root - No surface albedo data was available on 20190105
2023-01-16 09:59:11 [INFO] root - No surface albedo data was available on 20190106
2023-01-16 09:59:14 [INFO] root - No surface albedo data was available on 20190106
2023-01-16 09:59:18 [INFO] root - No surface albedo data was available on 20190107
2023-01-16 09:59:28 [INFO] root - No surface albedo data was available on 20190107
2023-01-16 09:59:33 [INFO] root - No surface albedo data was available on 20190108
2023-01-16 09:59:37 [INFO] root - No surface albedo data was available on 20190108
2023-01-16 09:59:40 [INFO] root - No surface albedo data was available on 20190109
2023-01-16 09:59:43 [INFO] root - No surface albedo data was available on 20190109
2023-01-16 09:59:46 [INFO] root - No surface albedo data was available on 20190110
2023-01-16 09:59:50 [INFO] root - No surface albedo data was available on 20190110
2023-01-16 09:59:53 [INFO] root - No surface albedo data was available on 20190111
2023-01-16 09:59:57 [INFO] root - No surface albedo data was available on 20190111
2023-01-16 10:00:00 [INFO] root - No surface albedo data was available on 20190112
2023-01-16 10:00:03 [INFO] root - No surface albedo data was available on 20190112
2023-01-16 10:00:06 [INFO] root - No surface albedo data was available on 20190113
2023-01-16 10:00:10 [INFO] root - No surface albedo data was available on 20190113
2023-01-16 10:00:13 [INFO] root - No surface albedo data was available on 20190114
2023-01-16 10:00:17 [INFO] root - No surface albedo data was available on 20190114
2023-01-16 10:00:21 [INFO] root - No surface albedo data was available on 20190115
2023-01-16 10:00:25 [INFO] root - No surface albedo data was available on 20190115
2023-01-16 10:00:28 [INFO] root - No surface albedo data was available on 20190116
2023-01-16 10:00:32 [INFO] root - No surface albedo data was available on 20190116
2023-01-16 10:00:35 [INFO] root - No surface albedo data was available on 20190117
2023-01-16 10:00:40 [INFO] root - No surface albedo data was available on 20190117
2023-01-16 10:00:43 [INFO] root - No surface albedo data was available on 20190118
2023-01-16 10:00:47 [INFO] root - No surface albedo data was available on 20190118
2023-01-16 10:00:50 [INFO] root - No surface albedo data was available on 20190119
2023-01-16 10:00:54 [INFO] root - No surface albedo data was available on 20190119
2023-01-16 10:00:57 [INFO] root - No surface albedo data was available on 20190120
2023-01-16 10:01:02 [INFO] root - No surface albedo data was available on 20190120
2023-01-16 10:01:05 [INFO] root - No surface albedo data was available on 20190121
2023-01-16 10:01:08 [INFO] root - No surface albedo data was available on 20190121
2023-01-16 10:02:13 [INFO] root - No surface albedo data was available on 20190101
2023-01-16 10:02:16 [INFO] root - No surface albedo data was available on 20190101
2023-01-16 10:02:19 [INFO] root - No surface albedo data was available on 20190102
2023-01-16 10:02:23 [INFO] root - No surface albedo data was available on 20190102
2023-01-16 10:03:59 [INFO] root - No surface albedo data was available on 20190101
2023-01-16 10:04:02 [INFO] root - No surface albedo data was available on 20190102
2023-01-16 10:04:06 [INFO] root - No surface albedo data was available on 20190103
2023-01-16 10:04:09 [INFO] root - No surface albedo data was available on 20190104
2023-01-16 10:04:13 [INFO] root - No surface albedo data was available on 20190105
2023-01-16 10:04:16 [INFO] root - No surface albedo data was available on 20190106
2023-01-16 10:04:19 [INFO] root - No surface albedo data was available on 20190107
2023-01-16 10:04:27 [INFO] root - No surface albedo data was available on 20190108
2023-01-16 10:04:30 [INFO] root - No surface albedo data was available on 20190109
2023-01-16 10:04:33 [INFO] root - No surface albedo data was available on 20190110
2023-01-16 10:04:37 [INFO] root - No surface albedo data was available on 20190111
2023-01-16 10:04:40 [INFO] root - No surface albedo data was available on 20190112
2023-01-16 10:04:44 [INFO] root - No surface albedo data was available on 20190113
2023-01-16 10:04:47 [INFO] root - No surface albedo data was available on 20190114
2023-01-16 10:04:49 [INFO] root - No surface albedo data was available on 20190115
2023-01-16 10:04:56 [INFO] root - No surface albedo data was available on 20190116
2023-01-16 10:04:59 [INFO] root - No surface albedo data was available on 20190117
2023-01-16 10:05:11 [INFO] root - No surface albedo data was available on 20190118
2023-01-16 10:05:14 [INFO] root - No surface albedo data was available on 20190119
2023-01-16 10:05:17 [INFO] root - No surface albedo data was available on 20190120
2023-01-16 10:05:20 [INFO] root - No surface albedo data was available on 20190121
2023-01-16 10:05:23 [INFO] root - No surface albedo data was available on 20190122
2023-01-16 10:05:32 [INFO] root - No surface albedo data was available on 20190123
2023-01-16 10:05:41 [INFO] root - No surface albedo data was available on 20190124
2023-01-16 10:05:47 [INFO] root - No surface albedo data was available on 20190125
2023-01-16 10:05:51 [INFO] root - No surface albedo data was available on 20190126
2023-01-16 10:05:53 [INFO] root - No surface albedo data was available on 20190127
2023-01-16 10:05:56 [INFO] root - No surface albedo data was available on 20190128
2023-01-16 10:06:12 [INFO] root - No surface albedo data was available on 20190129
2023-01-16 10:06:15 [INFO] root - No surface albedo data was available on 20190130
2023-01-16 10:06:19 [INFO] root - No surface albedo data was available on 20190131
2023-01-16 10:06:22 [INFO] root - No surface albedo data was available on 20190201
2023-01-16 10:06:25 [INFO] root - No surface albedo data was available on 20190202
2023-01-16 10:06:29 [INFO] root - No surface albedo data was available on 20190203
2023-01-16 10:06:32 [INFO] root - No surface albedo data was available on 20190204
2023-01-16 10:06:35 [INFO] root - No surface albedo data was available on 20190205
2023-01-16 10:06:41 [INFO] root - No surface albedo data was available on 20190206
2023-01-16 10:06:44 [INFO] root - No surface albedo data was available on 20190207
2023-01-16 10:06:47 [INFO] root - No surface albedo data was available on 20190208
2023-01-16 10:06:53 [INFO] root - No surface albedo data was available on 20190209
2023-01-16 10:06:57 [INFO] root - No surface albedo data was available on 20190210
2023-01-16 10:07:01 [INFO] root - No surface albedo data was available on 20190211
2023-01-16 10:07:04 [INFO] root - No surface albedo data was available on 20190212
2023-01-16 10:07:07 [INFO] root - No surface albedo data was available on 20190213
2023-01-16 10:07:10 [INFO] root - No surface albedo data was available on 20190214
2023-01-16 10:07:14 [INFO] root - No surface albedo data was available on 20190215
2023-01-16 10:07:20 [INFO] root - No surface albedo data was available on 20190216
2023-01-16 10:07:26 [INFO] root - No surface albedo data was available on 20190217
2023-01-16 10:07:29 [INFO] root - No surface albedo data was available on 20190218
2023-01-16 10:07:32 [INFO] root - No surface albedo data was available on 20190219
2023-01-16 10:07:39 [INFO] root - No surface albedo data was available on 20190220
2023-01-16 10:07:42 [INFO] root - No surface albedo data was available on 20190221
2023-01-16 10:07:46 [INFO] root - No surface albedo data was available on 20190222
2023-01-16 10:08:00 [INFO] root - No surface albedo data was available on 20190223
2023-01-16 10:08:03 [INFO] root - No surface albedo data was available on 20190224
2023-01-16 10:08:06 [INFO] root - No surface albedo data was available on 20190225
2023-01-16 10:08:09 [INFO] root - No surface albedo data was available on 20190226
2023-01-16 10:08:16 [INFO] root - No surface albedo data was available on 20190227
2023-01-16 10:08:19 [INFO] root - No surface albedo data was available on 20190228
2023-01-16 10:08:44 [INFO] root - No surface albedo data was available on 20190301
2023-01-16 10:08:47 [INFO] root - No surface albedo data was available on 20190302
2023-01-16 10:08:50 [INFO] root - No surface albedo data was available on 20190303
2023-01-16 10:08:53 [INFO] root - No surface albedo data was available on 20190304
2023-01-16 10:08:56 [INFO] root - No surface albedo data was available on 20190305
2023-01-16 10:08:59 [INFO] root - No surface albedo data was available on 20190306
2023-01-16 10:09:02 [INFO] root - No surface albedo data was available on 20190307
2023-01-16 10:09:05 [INFO] root - No surface albedo data was available on 20190308
2023-01-16 10:09:08 [INFO] root - No surface albedo data was available on 20190309
2023-01-16 10:09:11 [INFO] root - No surface albedo data was available on 20190310
2023-01-16 10:09:14 [INFO] root - No surface albedo data was available on 20190311
2023-01-16 10:09:17 [INFO] root - No surface albedo data was available on 20190312
2023-01-16 10:09:21 [INFO] root - No surface albedo data was available on 20190313
2023-01-16 10:09:24 [INFO] root - No surface albedo data was available on 20190314
2023-01-16 10:09:27 [INFO] root - No surface albedo data was available on 20190315
2023-01-16 10:09:30 [INFO] root - No surface albedo data was available on 20190316
2023-01-16 10:09:35 [INFO] root - No surface albedo data was available on 20190317
2023-01-16 10:09:42 [INFO] root - No surface albedo data was available on 20190318
2023-01-16 10:09:47 [INFO] root - No surface albedo data was available on 20190319
2023-01-16 10:09:57 [INFO] root - No surface albedo data was available on 20190320
2023-01-16 10:09:59 [INFO] root - No surface albedo data was available on 20190321
2023-01-16 10:10:02 [INFO] root - No surface albedo data was available on 20190322
2023-01-16 10:10:05 [INFO] root - Processing for AlaskaYukon,20190323
2023-01-16 10:10:17 [INFO] root - No surface albedo data was available at AlaskaYukon,20190323
2023-01-16 10:10:26 [INFO] root - Processing for AlaskaYukon,20190324
2023-01-16 10:10:37 [INFO] root - Processing done for AlaskaYukon,20190324
2023-01-16 10:10:37 [INFO] root - Processing for Greenland,20190324
2023-01-16 10:10:54 [INFO] root - Processing done for Greenland,20190324
2023-01-16 10:10:54 [INFO] root - Processing for Iceland,20190324
2023-01-16 10:10:55 [INFO] root - Processing done for Iceland,20190324
2023-01-16 10:10:55 [INFO] root - Processing for NorthernArcticCanada,20190324
2023-01-16 10:11:01 [INFO] root - No surface albedo data was available at NorthernArcticCanada,20190324
2023-01-16 10:11:08 [INFO] root - Processing for AlaskaYukon,20190325
2023-01-16 10:11:19 [INFO] root - Processing done for AlaskaYukon,20190325
2023-01-16 10:11:19 [INFO] root - Processing for Greenland,20190325
2023-01-16 10:11:36 [INFO] root - Processing done for Greenland,20190325
2023-01-16 10:11:36 [INFO] root - Processing for Iceland,20190325
2023-01-16 10:11:36 [INFO] root - Processing done for Iceland,20190325
2023-01-16 10:11:36 [INFO] root - Processing for NorthernArcticCanada,20190325
2023-01-16 10:11:42 [INFO] root - No surface albedo data was available at NorthernArcticCanada,20190325
2023-01-16 10:11:45 [INFO] root - Processing for AlaskaYukon,20190326
2023-01-16 10:11:56 [INFO] root - Processing done for AlaskaYukon,20190326
2023-01-16 10:11:56 [INFO] root - Processing for Greenland,20190326
2023-01-16 10:12:12 [INFO] root - Processing done for Greenland,20190326
2023-01-16 10:12:12 [INFO] root - Processing for Iceland,20190326
2023-01-16 10:12:13 [INFO] root - Processing done for Iceland,20190326
2023-01-16 10:12:13 [INFO] root - Processing for NorthernArcticCanada,20190326
2023-01-16 10:12:19 [INFO] root - No surface albedo data was available at NorthernArcticCanada,20190326
2023-01-16 10:12:26 [INFO] root - Processing for AlaskaYukon,20190327
2023-01-16 10:12:39 [INFO] root - Processing done for AlaskaYukon,20190327
2023-01-16 10:12:39 [INFO] root - Processing for Greenland,20190327
2023-01-16 10:12:56 [INFO] root - Processing done for Greenland,20190327
2023-01-16 10:12:56 [INFO] root - Processing for Iceland,20190327
2023-01-16 10:12:57 [INFO] root - Processing done for Iceland,20190327
2023-01-16 10:12:57 [INFO] root - Processing for NorthernArcticCanada,20190327
2023-01-16 10:13:02 [INFO] root - Processing done for NorthernArcticCanada,20190327
2023-01-16 10:13:02 [INFO] root - Processing for Norway,20190327
2023-01-16 10:13:03 [INFO] root - Processing done for Norway,20190327
2023-01-16 10:13:03 [INFO] root - Processing for NovayaZemlya,20190327
2023-01-16 10:13:04 [INFO] root - Processing done for NovayaZemlya,20190327
2023-01-16 10:13:04 [INFO] root - Processing for SevernayaZemlya,20190327
2023-01-16 10:13:04 [INFO] root - No surface albedo data was available at SevernayaZemlya,20190327
2023-01-16 10:13:07 [INFO] root - Processing for AlaskaYukon,20190328
2023-01-16 10:13:17 [INFO] root - Processing done for AlaskaYukon,20190328
2023-01-16 10:13:17 [INFO] root - Processing for Greenland,20190328
2023-01-16 10:13:34 [INFO] root - Processing done for Greenland,20190328
2023-01-16 10:13:34 [INFO] root - Processing for Iceland,20190328
2023-01-16 10:13:35 [INFO] root - Processing done for Iceland,20190328
2023-01-16 10:13:35 [INFO] root - Processing for NorthernArcticCanada,20190328
2023-01-16 10:13:40 [INFO] root - Processing done for NorthernArcticCanada,20190328
2023-01-16 10:13:40 [INFO] root - Processing for Norway,20190328
2023-01-16 10:13:41 [INFO] root - Processing done for Norway,20190328
2023-01-16 10:13:41 [INFO] root - Processing for NovayaZemlya,20190328
2023-01-16 10:13:42 [INFO] root - Processing done for NovayaZemlya,20190328
2023-01-16 10:13:42 [INFO] root - Processing for SevernayaZemlya,20190328
2023-01-16 10:13:42 [INFO] root - No surface albedo data was available at SevernayaZemlya,20190328
2023-01-16 10:13:45 [INFO] root - Processing for AlaskaYukon,20190329
2023-01-16 10:13:55 [INFO] root - Processing done for AlaskaYukon,20190329
2023-01-16 10:13:55 [INFO] root - Processing for Greenland,20190329
2023-01-16 10:14:12 [INFO] root - Processing done for Greenland,20190329
2023-01-16 10:14:12 [INFO] root - Processing for Iceland,20190329
2023-01-16 10:14:12 [INFO] root - Processing done for Iceland,20190329
2023-01-16 10:14:12 [INFO] root - Processing for NorthernArcticCanada,20190329
2023-01-16 10:14:18 [INFO] root - Processing done for NorthernArcticCanada,20190329
2023-01-16 10:14:18 [INFO] root - Processing for Norway,20190329
2023-01-16 10:14:18 [INFO] root - Processing done for Norway,20190329
2023-01-16 10:14:18 [INFO] root - Processing for NovayaZemlya,20190329
2023-01-16 10:14:19 [INFO] root - Processing done for NovayaZemlya,20190329
2023-01-16 10:14:19 [INFO] root - Processing for SevernayaZemlya,20190329
2023-01-16 10:14:20 [INFO] root - Processing done for SevernayaZemlya,20190329
2023-01-16 10:14:20 [INFO] root - Processing for SouthernArcticCanada,20190329
2023-01-16 10:14:25 [INFO] root - Processing done for SouthernArcticCanada,20190329
2023-01-16 10:14:25 [INFO] root - Processing for Svalbard,20190329
2023-01-16 10:14:26 [INFO] root - Processing done for Svalbard,20190329
2023-01-16 10:14:29 [INFO] root - Processing for AlaskaYukon,20190330
2023-01-16 10:14:39 [INFO] root - Processing done for AlaskaYukon,20190330
2023-01-16 10:14:39 [INFO] root - Processing for Greenland,20190330
2023-01-16 10:14:55 [INFO] root - Processing done for Greenland,20190330
2023-01-16 10:14:55 [INFO] root - Processing for Iceland,20190330
2023-01-16 10:14:56 [INFO] root - Processing done for Iceland,20190330
2023-01-16 10:14:56 [INFO] root - Processing for NorthernArcticCanada,20190330
2023-01-16 10:15:02 [INFO] root - Processing done for NorthernArcticCanada,20190330
2023-01-16 10:15:02 [INFO] root - Processing for Norway,20190330
2023-01-16 10:15:02 [INFO] root - No surface albedo data was available at Norway,20190330
2023-01-16 10:15:05 [INFO] root - Processing for AlaskaYukon,20190331
2023-01-16 10:15:15 [INFO] root - Processing done for AlaskaYukon,20190331
2023-01-16 10:15:15 [INFO] root - Processing for Greenland,20190331
2023-01-16 10:15:38 [INFO] root - Processing done for Greenland,20190331
2023-01-16 10:15:38 [INFO] root - Processing for Iceland,20190331
2023-01-16 10:15:39 [INFO] root - No surface albedo data was available at Iceland,20190331
2023-01-16 10:15:42 [INFO] root - Processing for AlaskaYukon,20190401
2023-01-16 10:15:55 [INFO] root - Processing done for AlaskaYukon,20190401
2023-01-16 10:21:58 [INFO] root - No surface albedo data was available on 20190101
2023-01-16 10:22:07 [INFO] root - No surface albedo data was available on 20190102
2023-01-16 10:22:12 [INFO] root - No surface albedo data was available on 20190103
2023-01-16 10:22:14 [INFO] root - No surface albedo data was available on 20190104
2023-01-16 10:22:17 [INFO] root - No surface albedo data was available on 20190105
2023-01-16 10:22:21 [INFO] root - No surface albedo data was available on 20190106
2023-01-16 10:22:24 [INFO] root - No surface albedo data was available on 20190107
2023-01-16 10:22:31 [INFO] root - No surface albedo data was available on 20190108
2023-01-16 10:22:39 [INFO] root - No surface albedo data was available on 20190109
2023-01-16 10:22:48 [INFO] root - No surface albedo data was available on 20190110
2023-01-16 10:23:00 [INFO] root - No surface albedo data was available on 20190111
2023-01-16 10:23:06 [INFO] root - No surface albedo data was available on 20190112
2023-01-16 10:23:09 [INFO] root - No surface albedo data was available on 20190113
2023-01-16 10:23:12 [INFO] root - No surface albedo data was available on 20190114
2023-01-16 10:23:23 [INFO] root - No surface albedo data was available on 20190115
2023-01-16 10:23:26 [INFO] root - No surface albedo data was available on 20190116
2023-01-16 10:23:30 [INFO] root - No surface albedo data was available on 20190117
2023-01-16 10:23:38 [INFO] root - No surface albedo data was available on 20190118
2023-01-16 10:23:42 [INFO] root - No surface albedo data was available on 20190119
2023-01-16 10:23:45 [INFO] root - No surface albedo data was available on 20190120
2023-01-16 10:23:51 [INFO] root - No surface albedo data was available on 20190121
2023-01-16 10:23:57 [INFO] root - No surface albedo data was available on 20190122
2023-01-16 10:24:09 [INFO] root - No surface albedo data was available on 20190123
2023-01-16 10:24:15 [INFO] root - No surface albedo data was available on 20190124
2023-01-16 10:24:18 [INFO] root - No surface albedo data was available on 20190125
2023-01-16 10:24:21 [INFO] root - No surface albedo data was available on 20190126
2023-01-16 10:24:24 [INFO] root - No surface albedo data was available on 20190127
2023-01-16 10:24:27 [INFO] root - No surface albedo data was available on 20190128
2023-01-16 10:24:30 [INFO] root - No surface albedo data was available on 20190129
2023-01-16 10:24:35 [INFO] root - No surface albedo data was available on 20190130
2023-01-16 10:24:41 [INFO] root - No surface albedo data was available on 20190131
2023-01-16 10:24:45 [INFO] root - No surface albedo data was available on 20190201
2023-01-16 10:24:51 [INFO] root - No surface albedo data was available on 20190202
2023-01-16 10:24:54 [INFO] root - No surface albedo data was available on 20190203
2023-01-16 10:24:57 [INFO] root - No surface albedo data was available on 20190204
2023-01-16 10:25:03 [INFO] root - No surface albedo data was available on 20190205
2023-01-16 10:25:06 [INFO] root - No surface albedo data was available on 20190206
2023-01-16 10:25:15 [INFO] root - No surface albedo data was available on 20190207
2023-01-16 10:25:26 [INFO] root - No surface albedo data was available on 20190208
2023-01-16 10:25:29 [INFO] root - No surface albedo data was available on 20190209
2023-01-16 10:25:32 [INFO] root - No surface albedo data was available on 20190210
2023-01-16 10:25:35 [INFO] root - No surface albedo data was available on 20190211
2023-01-16 10:25:38 [INFO] root - No surface albedo data was available on 20190212
2023-01-16 10:25:41 [INFO] root - No surface albedo data was available on 20190213
2023-01-16 10:25:52 [INFO] root - No surface albedo data was available on 20190214
2023-01-16 10:25:57 [INFO] root - No surface albedo data was available on 20190215
2023-01-16 10:26:06 [INFO] root - No surface albedo data was available on 20190216
2023-01-16 10:26:09 [INFO] root - No surface albedo data was available on 20190217
2023-01-16 10:26:12 [INFO] root - No surface albedo data was available on 20190218
2023-01-16 10:26:25 [INFO] root - No surface albedo data was available on 20190219
2023-01-16 10:26:27 [INFO] root - No surface albedo data was available on 20190220
2023-01-16 10:26:31 [INFO] root - No surface albedo data was available on 20190221
2023-01-16 10:26:34 [INFO] root - No surface albedo data was available on 20190222
2023-01-16 10:26:41 [INFO] root - No surface albedo data was available on 20190223
2023-01-16 10:26:43 [INFO] root - No surface albedo data was available on 20190224
2023-01-16 10:26:49 [INFO] root - No surface albedo data was available on 20190225
2023-01-16 10:26:54 [INFO] root - No surface albedo data was available on 20190226
2023-01-16 10:26:57 [INFO] root - No surface albedo data was available on 20190227
2023-01-16 10:27:00 [INFO] root - No surface albedo data was available on 20190228
2023-01-16 10:27:02 [INFO] root - No surface albedo data was available on 20190301
2023-01-16 10:27:08 [INFO] root - No surface albedo data was available on 20190302
2023-01-16 10:27:17 [INFO] root - No surface albedo data was available on 20190303
2023-01-16 10:27:19 [INFO] root - No surface albedo data was available on 20190304
2023-01-16 10:27:22 [INFO] root - No surface albedo data was available on 20190305
2023-01-16 10:27:25 [INFO] root - No surface albedo data was available on 20190306
2023-01-16 10:27:29 [INFO] root - No surface albedo data was available on 20190307
2023-01-16 10:27:31 [INFO] root - No surface albedo data was available on 20190308
2023-01-16 10:27:36 [INFO] root - No surface albedo data was available on 20190309
2023-01-16 10:27:41 [INFO] root - No surface albedo data was available on 20190310
2023-01-16 10:27:44 [INFO] root - No surface albedo data was available on 20190311
2023-01-16 10:27:47 [INFO] root - No surface albedo data was available on 20190312
2023-01-16 10:27:50 [INFO] root - No surface albedo data was available on 20190313
2023-01-16 10:27:52 [INFO] root - No surface albedo data was available on 20190314
2023-01-16 10:27:56 [INFO] root - No surface albedo data was available on 20190315
2023-01-16 10:28:04 [INFO] root - No surface albedo data was available on 20190316
2023-01-16 10:28:08 [INFO] root - No surface albedo data was available on 20190317
2023-01-16 10:28:13 [INFO] root - No surface albedo data was available on 20190318
2023-01-16 10:28:16 [INFO] root - No surface albedo data was available on 20190319
2023-01-16 10:28:19 [INFO] root - No surface albedo data was available on 20190320
2023-01-16 10:28:26 [INFO] root - No surface albedo data was available on 20190321
2023-01-16 10:28:29 [INFO] root - No surface albedo data was available on 20190322
2023-01-16 10:28:32 [INFO] root - Processing for AlaskaYukon,20190323
2023-01-16 10:28:41 [INFO] root - No surface albedo data was available at AlaskaYukon,20190323
2023-01-16 10:28:41 [INFO] root - Processing for Greenland,20190323
2023-01-16 10:28:54 [INFO] root - No surface albedo data was available at Greenland,20190323
2023-01-16 10:28:54 [INFO] root - Processing for Iceland,20190323
2023-01-16 10:28:55 [INFO] root - No surface albedo data was available at Iceland,20190323
2023-01-16 10:28:55 [INFO] root - Processing for NorthernArcticCanada,20190323
2023-01-16 10:28:59 [INFO] root - No surface albedo data was available at NorthernArcticCanada,20190323
2023-01-16 10:28:59 [INFO] root - Processing for Norway,20190323
2023-01-16 10:29:00 [INFO] root - No surface albedo data was available at Norway,20190323
2023-01-16 10:29:00 [INFO] root - Processing for NovayaZemlya,20190323
2023-01-16 10:29:01 [INFO] root - No surface albedo data was available at NovayaZemlya,20190323
2023-01-16 10:29:01 [INFO] root - Processing for SevernayaZemlya,20190323
2023-01-16 10:29:01 [INFO] root - No surface albedo data was available at SevernayaZemlya,20190323
2023-01-16 10:29:01 [INFO] root - Processing for SouthernArcticCanada,20190323
2023-01-16 10:29:06 [INFO] root - No surface albedo data was available at SouthernArcticCanada,20190323
2023-01-16 10:29:06 [INFO] root - Processing for Svalbard,20190323
2023-01-16 10:29:06 [INFO] root - No surface albedo data was available at Svalbard,20190323
2023-01-16 10:29:10 [INFO] root - Processing for AlaskaYukon,20190324
2023-01-16 10:29:19 [INFO] root - Processing done for AlaskaYukon,20190324
2023-01-16 10:29:19 [INFO] root - Processing for Greenland,20190324
2023-01-16 10:29:33 [INFO] root - Processing done for Greenland,20190324
2023-01-16 10:29:33 [INFO] root - Processing for Iceland,20190324
2023-01-16 10:29:33 [INFO] root - Processing done for Iceland,20190324
2023-01-16 10:29:33 [INFO] root - Processing for NorthernArcticCanada,20190324
2023-01-16 10:29:39 [INFO] root - No surface albedo data was available at NorthernArcticCanada,20190324
2023-01-16 10:29:39 [INFO] root - Processing for Norway,20190324
2023-01-16 10:29:39 [INFO] root - No surface albedo data was available at Norway,20190324
2023-01-16 10:29:39 [INFO] root - Processing for NovayaZemlya,20190324
2023-01-16 10:29:40 [INFO] root - No surface albedo data was available at NovayaZemlya,20190324
2023-01-16 10:29:40 [INFO] root - Processing for SevernayaZemlya,20190324
2023-01-16 10:29:41 [INFO] root - No surface albedo data was available at SevernayaZemlya,20190324
2023-01-16 10:29:41 [INFO] root - Processing for SouthernArcticCanada,20190324
2023-01-16 10:29:45 [INFO] root - Processing done for SouthernArcticCanada,20190324
2023-01-16 10:29:45 [INFO] root - Processing for Svalbard,20190324
2023-01-16 10:29:46 [INFO] root - No surface albedo data was available at Svalbard,20190324
2023-01-16 10:29:55 [INFO] root - Processing for AlaskaYukon,20190325
2023-01-16 10:30:05 [INFO] root - Processing done for AlaskaYukon,20190325
2023-01-16 10:30:05 [INFO] root - Processing for Greenland,20190325
2023-01-16 10:30:21 [INFO] root - Processing done for Greenland,20190325
2023-01-16 10:30:21 [INFO] root - Processing for Iceland,20190325
2023-01-16 10:30:22 [INFO] root - Processing done for Iceland,20190325
2023-01-16 10:30:22 [INFO] root - Processing for NorthernArcticCanada,20190325
2023-01-16 10:30:27 [INFO] root - No surface albedo data was available at NorthernArcticCanada,20190325
2023-01-16 10:30:27 [INFO] root - Processing for Norway,20190325
2023-01-16 10:30:27 [INFO] root - No surface albedo data was available at Norway,20190325
2023-01-16 10:30:27 [INFO] root - Processing for NovayaZemlya,20190325
2023-01-16 10:30:29 [INFO] root - Processing done for NovayaZemlya,20190325
2023-01-16 10:30:29 [INFO] root - Processing for SevernayaZemlya,20190325
2023-01-16 10:30:29 [INFO] root - No surface albedo data was available at SevernayaZemlya,20190325
2023-01-16 10:30:29 [INFO] root - Processing for SouthernArcticCanada,20190325
2023-01-16 10:30:34 [INFO] root - Processing done for SouthernArcticCanada,20190325
2023-01-16 10:30:34 [INFO] root - Processing for Svalbard,20190325
2023-01-16 10:32:35 [INFO] root - Processing for AlaskaYukon,19910618
2023-01-16 10:32:35 [INFO] root - Processing for AlaskaYukon,19900903
2023-01-16 10:32:36 [INFO] root - No surface albedo data was available on 19890204
2023-01-16 10:32:37 [INFO] root - No surface albedo data was available on 19891119
2023-01-16 10:32:38 [INFO] root - No surface albedo data was available on 19890205
2023-01-16 10:32:40 [INFO] root - No surface albedo data was available on 19890206
2023-01-16 10:32:44 [INFO] root - No surface albedo data was available at AlaskaYukon,19900903
2023-01-16 10:32:44 [INFO] root - Processing for Greenland,19900903
2023-01-16 10:32:45 [INFO] root - Processing done for AlaskaYukon,19910618
2023-01-16 10:32:45 [INFO] root - Processing for Greenland,19910618
2023-01-16 10:39:03 [INFO] root - No surface albedo data was available on 19891003
2023-01-16 10:39:03 [INFO] root - Processing for AlaskaYukon,19870519
2023-01-16 10:39:03 [INFO] root - No surface albedo data was available on 19850101
2023-01-16 10:39:05 [INFO] root - No surface albedo data was available on 19920218
2023-01-16 10:39:05 [INFO] root - No surface albedo data was available on 19850102
2023-01-16 10:39:05 [INFO] root - No surface albedo data was available on 19891004
2023-01-16 10:39:07 [INFO] root - No surface albedo data was available on 19891005
2023-01-16 10:39:08 [INFO] root - No surface albedo data was available on 19850103
2023-01-16 10:39:10 [INFO] root - No surface albedo data was available on 19891006
2023-01-16 10:39:10 [INFO] root - No surface albedo data was available on 19850104
2023-01-16 10:39:12 [INFO] root - No surface albedo data was available on 19850105
2023-01-16 10:39:13 [INFO] root - Processing done for AlaskaYukon,19870519
2023-01-16 10:39:13 [INFO] root - Processing for Greenland,19870519
2023-01-16 10:39:14 [INFO] root - No surface albedo data was available on 19920219
2023-01-16 10:39:17 [INFO] root - No surface albedo data was available on 19891007
2023-01-16 10:39:20 [INFO] root - No surface albedo data was available on 19891008
2023-01-16 10:39:21 [INFO] root - No surface albedo data was available on 19850106
2023-01-16 10:39:22 [INFO] root - No surface albedo data was available on 19891009
2023-01-16 10:39:25 [INFO] root - No surface albedo data was available on 19891010
2023-01-16 10:39:29 [INFO] root - No surface albedo data was available on 19920220
2023-01-16 10:39:32 [INFO] root - No surface albedo data was available on 19920221
2023-01-16 10:39:35 [INFO] root - No surface albedo data was available on 19891011
2023-01-16 10:39:35 [INFO] root - No surface albedo data was available on 19850107
2023-01-16 10:39:36 [INFO] root - Processing done for Greenland,19870519
2023-01-16 10:39:36 [INFO] root - Processing for Iceland,19870519
2023-01-16 10:39:37 [INFO] root - No surface albedo data was available on 19891012
2023-01-16 10:39:37 [INFO] root - Processing done for Iceland,19870519
2023-01-16 10:39:37 [INFO] root - Processing for NorthernArcticCanada,19870519
2023-01-16 10:39:39 [INFO] root - No surface albedo data was available on 19920222
2023-01-16 10:39:40 [INFO] root - No surface albedo data was available on 19891013
2023-01-16 10:39:41 [INFO] root - No surface albedo data was available on 19850108
2023-01-16 10:39:44 [INFO] root - Processing done for NorthernArcticCanada,19870519
2023-01-16 10:39:44 [INFO] root - Processing for Norway,19870519
2023-01-16 10:39:45 [INFO] root - No surface albedo data was available on 19920223
2023-01-16 10:39:45 [INFO] root - Processing done for Norway,19870519
2023-01-16 10:39:45 [INFO] root - Processing for NovayaZemlya,19870519
2023-01-16 10:39:46 [INFO] root - Processing done for NovayaZemlya,19870519
2023-01-16 10:39:46 [INFO] root - Processing for SevernayaZemlya,19870519
2023-01-16 10:39:47 [INFO] root - Processing done for SevernayaZemlya,19870519
2023-01-16 10:39:47 [INFO] root - Processing for SouthernArcticCanada,19870519
2023-01-16 10:39:47 [INFO] root - No surface albedo data was available on 19920224
2023-01-16 10:39:49 [INFO] root - No surface albedo data was available on 19891014
2023-01-16 10:39:49 [INFO] root - No surface albedo data was available on 19920225
2023-01-16 10:39:51 [INFO] root - No surface albedo data was available on 19891015
2023-01-16 10:39:53 [INFO] root - No surface albedo data was available on 19891016
2023-01-16 10:39:53 [INFO] root - Processing done for SouthernArcticCanada,19870519
2023-01-16 10:39:53 [INFO] root - Processing for Svalbard,19870519
2023-01-16 10:39:55 [INFO] root - Processing done for Svalbard,19870519
2023-01-16 10:39:55 [INFO] root - No surface albedo data was available on 19920226
2023-01-16 10:39:55 [INFO] root - No surface albedo data was available on 19891017
2023-01-16 10:39:57 [INFO] root - Processing for AlaskaYukon,19870520
2023-01-16 10:39:57 [INFO] root - No surface albedo data was available on 19891018
2023-01-16 10:39:58 [INFO] root - No surface albedo data was available on 19920227
2023-01-16 10:40:01 [INFO] root - No surface albedo data was available on 19891019
2023-01-16 10:40:03 [INFO] root - No surface albedo data was available on 19891020
2023-01-16 10:40:04 [INFO] root - No surface albedo data was available on 19850109
2023-01-16 10:40:07 [INFO] root - No surface albedo data was available on 19850110
2023-01-16 10:40:09 [INFO] root - No surface albedo data was available on 19850111
2023-01-16 10:40:09 [INFO] root - Processing done for AlaskaYukon,19870520
2023-01-16 10:40:09 [INFO] root - Processing for Greenland,19870520
2023-01-16 10:40:15 [INFO] root - No surface albedo data was available on 19920228
2023-01-16 10:40:16 [INFO] root - No surface albedo data was available on 19891021
2023-01-16 10:40:17 [INFO] root - No surface albedo data was available on 19920229
2023-01-16 10:40:20 [INFO] root - No surface albedo data was available on 19920301
2023-01-16 10:40:20 [INFO] root - No surface albedo data was available on 19850112
2023-01-16 10:40:22 [INFO] root - No surface albedo data was available on 19920302
2023-01-16 10:40:26 [INFO] root - No surface albedo data was available on 19891022
2023-01-16 10:40:27 [INFO] root - No surface albedo data was available on 19850113
2023-01-16 10:40:28 [INFO] root - No surface albedo data was available on 19891023
2023-01-16 10:40:30 [INFO] root - No surface albedo data was available on 19891024
2023-01-16 10:40:31 [INFO] root - No surface albedo data was available on 19850114
2023-01-16 10:40:33 [INFO] root - No surface albedo data was available on 19850115
2023-01-16 10:40:33 [INFO] root - Processing done for Greenland,19870520
2023-01-16 10:40:33 [INFO] root - Processing for Iceland,19870520
2023-01-16 10:40:33 [INFO] root - No surface albedo data was available on 19891025
2023-01-16 10:40:34 [INFO] root - Processing done for Iceland,19870520
2023-01-16 10:40:34 [INFO] root - Processing for NorthernArcticCanada,19870520
2023-01-16 10:40:41 [INFO] root - Processing done for NorthernArcticCanada,19870520
2023-01-16 10:40:41 [INFO] root - Processing for Norway,19870520
2023-01-16 10:40:42 [INFO] root - Processing done for Norway,19870520
2023-01-16 10:40:42 [INFO] root - Processing for NovayaZemlya,19870520
2023-01-16 10:40:42 [INFO] root - No surface albedo data was available on 19920303
2023-01-16 10:40:43 [INFO] root - Processing done for NovayaZemlya,19870520
2023-01-16 10:40:43 [INFO] root - Processing for SevernayaZemlya,19870520
2023-01-16 10:40:43 [INFO] root - No surface albedo data was available on 19850116
2023-01-16 10:40:44 [INFO] root - Processing done for SevernayaZemlya,19870520
2023-01-16 10:40:44 [INFO] root - Processing for SouthernArcticCanada,19870520
2023-01-16 10:40:45 [INFO] root - No surface albedo data was available on 19920304
2023-01-16 10:40:48 [INFO] root - No surface albedo data was available on 19920305
2023-01-16 10:40:50 [INFO] root - No surface albedo data was available on 19891026
2023-01-16 10:40:50 [INFO] root - Processing done for SouthernArcticCanada,19870520
2023-01-16 10:40:50 [INFO] root - Processing for Svalbard,19870520
2023-01-16 10:40:52 [INFO] root - Processing done for Svalbard,19870520
2023-01-16 10:40:52 [INFO] root - No surface albedo data was available on 19920306
2023-01-16 10:40:53 [INFO] root - No surface albedo data was available on 19850117
2023-01-16 10:40:54 [INFO] root - No surface albedo data was available on 19920307
2023-01-16 10:40:55 [INFO] root - Processing for AlaskaYukon,19870521
2023-01-16 10:40:55 [INFO] root - No surface albedo data was available on 19850118
2023-01-16 10:40:57 [INFO] root - No surface albedo data was available on 19850119
2023-01-16 10:40:58 [INFO] root - No surface albedo data was available on 19891027
2023-01-16 10:41:00 [INFO] root - No surface albedo data was available on 19850120
2023-01-16 10:41:00 [INFO] root - No surface albedo data was available on 19891028
2023-01-16 10:41:03 [INFO] root - No surface albedo data was available on 19850121
2023-01-16 10:41:03 [INFO] root - No surface albedo data was available on 19891029
2023-01-16 10:41:06 [INFO] root - No surface albedo data was available on 19920308
2023-01-16 10:41:07 [INFO] root - Processing done for AlaskaYukon,19870521
2023-01-16 10:41:07 [INFO] root - Processing for Greenland,19870521
2023-01-16 10:41:08 [INFO] root - No surface albedo data was available on 19920309
2023-01-16 10:41:10 [INFO] root - No surface albedo data was available on 19920310
2023-01-16 10:41:11 [INFO] root - No surface albedo data was available on 19891030
2023-01-16 10:41:13 [INFO] root - No surface albedo data was available on 19920311
2023-01-16 10:41:14 [INFO] root - No surface albedo data was available on 19891031
2023-01-16 10:41:15 [INFO] root - No surface albedo data was available on 19920312
2023-01-16 10:41:19 [INFO] root - No surface albedo data was available on 19850122
2023-01-16 10:41:22 [INFO] root - No surface albedo data was available on 19891101
2023-01-16 10:41:22 [INFO] root - No surface albedo data was available on 19850123
2023-01-16 10:41:24 [INFO] root - No surface albedo data was available on 19850124
2023-01-16 10:41:28 [INFO] root - No surface albedo data was available on 19891102
2023-01-16 10:41:28 [INFO] root - No surface albedo data was available on 19850125
2023-01-16 10:41:31 [INFO] root - No surface albedo data was available on 19920313
2023-01-16 10:41:31 [INFO] root - Processing done for Greenland,19870521
2023-01-16 10:41:31 [INFO] root - Processing for Iceland,19870521
2023-01-16 10:41:32 [INFO] root - No surface albedo data was available on 19850126
2023-01-16 10:41:32 [INFO] root - Processing done for Iceland,19870521
2023-01-16 10:41:32 [INFO] root - Processing for NorthernArcticCanada,19870521
2023-01-16 10:41:33 [INFO] root - No surface albedo data was available on 19920314
2023-01-16 10:41:34 [INFO] root - No surface albedo data was available on 19850127
2023-01-16 10:41:36 [INFO] root - No surface albedo data was available on 19920315
2023-01-16 10:41:39 [INFO] root - Processing done for NorthernArcticCanada,19870521
2023-01-16 10:41:39 [INFO] root - Processing for Norway,19870521
